<?xml version="1.0" encoding="UTF-8"?>
<!-- Generated by org.testng.reporters.JUnitXMLReporter -->
<testsuite hostname="Ayfers-MacBook-Pro.local" ignored="1" name="hub spot Sanity Test" tests="2" failures="0" timestamp="03 Dec 2019 05:34:02 GMT" time="28.624" errors="0">
  <testcase name="loginPageTitleTest" time="0.038" classname="com.hubspot.tests.LoginPageTest"/>
  <testcase name="verifyHomePageTitleTest" time="0.019" classname="com.hubspot.tests.HomePageTest"/>
  <testcase name="verifyHomePageHeaderTest" time="0.0" classname="com.hubspot.tests.HomePageTest">
    <ignored/>
  </testcase> <!-- verifyHomePageHeaderTest -->
</testsuite> <!-- hub spot Sanity Test -->
