<?xml version="1.0" encoding="UTF-8"?>
<testng-results skipped="0" failed="0" ignored="0" total="2" passed="2">
  <reporter-output>
  </reporter-output>
  <suite name="Default suite" duration-ms="31338" started-at="2019-12-04T02:46:45Z" finished-at="2019-12-04T02:47:17Z">
    <groups>
    </groups>
    <test name="Default test" duration-ms="31338" started-at="2019-12-04T02:46:45Z" finished-at="2019-12-04T02:47:17Z">
      <class name="com.hubspot.tests.LoginPageTest">
        <test-method status="PASS" signature="setUp()[pri:0, instance:com.hubspot.tests.LoginPageTest@6759f091]" name="setUp" is-config="true" duration-ms="14890" started-at="2019-12-04T02:46:45Z" finished-at="2019-12-04T02:47:00Z">
          <reporter-output>
          </reporter-output>
        </test-method> <!-- setUp -->
        <test-method status="PASS" signature="loginPageTitleTest()[pri:1, instance:com.hubspot.tests.LoginPageTest@6759f091]" name="loginPageTitleTest" duration-ms="299" started-at="2019-12-04T02:47:00Z" description="This method is getting title" finished-at="2019-12-04T02:47:01Z">
          <reporter-output>
          </reporter-output>
        </test-method> <!-- loginPageTitleTest -->
        <test-method status="PASS" signature="tearDown()[pri:0, instance:com.hubspot.tests.LoginPageTest@6759f091]" name="tearDown" is-config="true" duration-ms="104" started-at="2019-12-04T02:47:01Z" finished-at="2019-12-04T02:47:01Z">
          <reporter-output>
          </reporter-output>
        </test-method> <!-- tearDown -->
        <test-method status="PASS" signature="setUp()[pri:0, instance:com.hubspot.tests.LoginPageTest@6759f091]" name="setUp" is-config="true" duration-ms="12206" started-at="2019-12-04T02:47:01Z" finished-at="2019-12-04T02:47:13Z">
          <reporter-output>
          </reporter-output>
        </test-method> <!-- setUp -->
        <test-method status="PASS" signature="loginTest1()[pri:2, instance:com.hubspot.tests.LoginPageTest@6759f091]" name="loginTest1" duration-ms="3525" started-at="2019-12-04T02:47:13Z" description="Valid username,valid password" finished-at="2019-12-04T02:47:17Z">
          <reporter-output>
          </reporter-output>
        </test-method> <!-- loginTest1 -->
        <test-method status="PASS" signature="tearDown()[pri:0, instance:com.hubspot.tests.LoginPageTest@6759f091]" name="tearDown" is-config="true" duration-ms="127" started-at="2019-12-04T02:47:17Z" finished-at="2019-12-04T02:47:17Z">
          <reporter-output>
          </reporter-output>
        </test-method> <!-- tearDown -->
      </class> <!-- com.hubspot.tests.LoginPageTest -->
    </test> <!-- Default test -->
  </suite> <!-- Default suite -->
</testng-results>
